<?xml version="1.0" encoding="UTF-8"?>
<!-- Generated by org.testng.reporters.JUnitXMLReporter -->
<testsuite ignored="0" hostname="SWT-LTOP-612" failures="0" tests="4" name="AutomationFramework" time="17.866" errors="0" timestamp="2026-04-29T12:06:16 IST">
  <testcase classname="test.LoginTest" name="openApplication" time="11.812"/>
  <testcase classname="test.LoginTest" name="openLoginPage" time="0.028"/>
  <testcase classname="test.LoginTest" name="submitLogin" time="1.257"/>
  <testcase classname="test.LoginTest" name="verifyLoginPage" time="2.153"/>
</testsuite> <!-- AutomationFramework -->
