<?xml version="1.0" encoding="UTF-8"?>
<testng-results ignored="0" total="4" passed="4" failed="0" skipped="0">
  <reporter-output>
  </reporter-output>
  <suite started-at="2026-04-29T12:05:58 IST" name="Default Suite" finished-at="2026-04-29T12:06:16 IST" duration-ms="17866">
    <groups>
    </groups>
    <test started-at="2026-04-29T12:05:58 IST" name="AutomationFramework" finished-at="2026-04-29T12:06:16 IST" duration-ms="17866">
      <class name="test.LoginTest">
        <test-method is-config="true" signature="setup()[pri:0, instance:test.LoginTest@6f1de4c7]" started-at="2026-04-29T12:05:58 IST" name="setup" finished-at="2026-04-29T12:06:00 IST" duration-ms="1993" status="PASS">
          <reporter-output>
          </reporter-output>
        </test-method> <!-- setup -->
        <test-method signature="openApplication()[pri:1, instance:test.LoginTest@6f1de4c7]" started-at="2026-04-29T12:06:00 IST" name="openApplication" finished-at="2026-04-29T12:06:12 IST" duration-ms="11812" status="PASS">
          <reporter-output>
          </reporter-output>
        </test-method> <!-- openApplication -->
        <test-method signature="openLoginPage()[pri:2, instance:test.LoginTest@6f1de4c7]" started-at="2026-04-29T12:06:12 IST" name="openLoginPage" finished-at="2026-04-29T12:06:12 IST" duration-ms="28" status="PASS">
          <reporter-output>
          </reporter-output>
        </test-method> <!-- openLoginPage -->
        <test-method signature="submitLogin()[pri:3, instance:test.LoginTest@6f1de4c7]" started-at="2026-04-29T12:06:12 IST" name="submitLogin" finished-at="2026-04-29T12:06:13 IST" duration-ms="1257" status="PASS">
          <reporter-output>
          </reporter-output>
        </test-method> <!-- submitLogin -->
        <test-method signature="verifyLoginPage()[pri:4, instance:test.LoginTest@6f1de4c7]" started-at="2026-04-29T12:06:13 IST" name="verifyLoginPage" finished-at="2026-04-29T12:06:15 IST" duration-ms="2153" status="PASS">
          <reporter-output>
          </reporter-output>
        </test-method> <!-- verifyLoginPage -->
        <test-method is-config="true" signature="tearDown()[pri:0, instance:test.LoginTest@6f1de4c7]" started-at="2026-04-29T12:06:15 IST" name="tearDown" finished-at="2026-04-29T12:06:16 IST" duration-ms="589" status="PASS">
          <reporter-output>
          </reporter-output>
        </test-method> <!-- tearDown -->
      </class> <!-- test.LoginTest -->
    </test> <!-- AutomationFramework -->
  </suite> <!-- Default Suite -->
</testng-results>
