<?xml version="1.0" encoding="UTF-8"?>
<!-- Generated by org.testng.reporters.JUnitReportReporter -->
<testsuite hostname="SWT-LTOP-612" failures="0" tests="4" name="test.LoginTest" time="15.250" errors="0" timestamp="2026-04-29T12:06:16 IST" skipped="0">
  <testcase classname="test.LoginTest" name="openApplication" time="11.812"/>
  <testcase classname="test.LoginTest" name="openLoginPage" time="0.028"/>
  <testcase classname="test.LoginTest" name="submitLogin" time="1.257"/>
  <testcase classname="test.LoginTest" name="verifyLoginPage" time="2.153"/>
</testsuite> <!-- test.LoginTest -->
